<?xml version="1.0" encoding="UTF-8"?>
<testsuite name="test.java.JunitTest" tests="1" skipped="0" failures="0" errors="0" timestamp="2014-12-13T16:42:46" hostname="logo" time="0.188">
  <properties/>
  <testcase name="test" classname="test.java.JunitTest" time="0.188"/>
  <system-out><![CDATA[]]></system-out>
  <system-err><![CDATA[]]></system-err>
</testsuite>
